#
# A fatal error has been detected by the Java Runtime Environment:
#
#  EXCEPTION_ACCESS_VIOLATION (0xc0000005) at pc=0x00007ffe286cb21d, pid=51376, tid=53556
#
# JRE version: OpenJDK Runtime Environment (21.0.6) (build 21.0.6+-13368085-b895.109)
# Java VM: OpenJDK 64-Bit Server VM (21.0.6+-13368085-b895.109, mixed mode, tiered, compressed oops, compressed class ptrs, g1 gc, windows-amd64)
# Problematic frame:
# C  [ig8icd64.dll+0x22b21d]
#
# No core dump will be written. Minidumps are not enabled by default on client versions of Windows
#
# If you would like to submit a bug report, please visit:
#   https://youtrack.jetbrains.com/issues/JBR
# The crash happened outside the Java Virtual Machine in native code.
# See problematic frame for where to report the bug.
#

---------------  S U M M A R Y ------------

Command Line: -Dskiko.renderApi=OPENGL -Dcompose.reload.orchestration.port=51055 -Dcompose.reload.pidFile=C:\Users\Ashok\2025 Work\TechCult\Projects\PointofSale\SalesMan\composeApp\build\run\jvmMain\jvmMain.pid -Dcompose.reload.argfile=C:\Users\Ashok\2025 Work\TechCult\Projects\PointofSale\SalesMan\composeApp\build\run\jvmMain\jvmMain.argfile -Dcompose.reload.mainClass=com.techcult.salesman.MainKt -Dcompose.reload.buildSystem=Gradle -Dorg.gradle.java.home=C:\Program Files\Android\Android Studio1\jbr -Dgradle.build.root=C:\Users\Ashok\2025 Work\TechCult\Projects\PointofSale\SalesMan -Dgradle.build.project=:composeApp -Dgradle.build.task=hotReloadJvmMain -Dcompose.reload.build.continuous=false -Dcompose.reload.devToolsEnabled=true -Dcompose.reload.devToolsHeadless=false -Dcompose.reload.devToolsTransparencyEnabled=true -Dcompose.reload.devToolsDetached=false -Dcompose.reload.parentPid=54092 -Dcompose.reload.launchMode=GradleBlocking -Dcompose.reload.logLevel=Info -Dcompose.reload.logStdout=false -Dcompose.reload.resourcesDirtyResolverEnabled=false org.jetbrains.compose.devtools.Main

Host: Intel(R) Core(TM) i5-5200U CPU @ 2.20GHz, 4 cores, 11G,  Windows 10 , 64 bit Build 19041 (10.0.19041.5915)
Time: Fri Aug 15 18:17:43 2025 India Standard Time elapsed time: 563.540420 seconds (0d 0h 9m 23s)

---------------  T H R E A D  ---------------

Current thread (0x0000024eea5c6f80):  JavaThread "AWT-EventQueue-0"        [_thread_in_native, id=53556, stack(0x0000005ccdb00000,0x0000005ccdc00000) (1024K)]

Stack: [0x0000005ccdb00000,0x0000005ccdc00000],  sp=0x0000005ccdbf8ad0,  free space=994k
Native frames: (J=compiled Java code, j=interpreted, Vv=VM code, C=native code)
C  [ig8icd64.dll+0x22b21d]
